<?xml version="1.0" encoding="UTF-8"?>
<!-- Generated by org.testng.reporters.JUnitXMLReporter -->
<testsuite hostname="MLPT003" ignored="0" name="Test" tests="1" failures="1" timestamp="2020-03-02T11:40:29 IST" time="184.999" errors="0">
  <testcase name="TestMethod" time="184.866" classname="com.mv.GetsPlacements1.GetsPlacementTest">
    <failure type="org.openqa.selenium.WebDriverException" message="unknown error: cannot find MSEdge binary
Build info: version: &amp;apos;3.141.59&amp;apos;, revision: &amp;apos;e82be7d358&amp;apos;, time: &amp;apos;2018-11-14T08:17:03&amp;apos;
System info: host: &amp;apos;MLPT003&amp;apos;, ip: &amp;apos;192.168.0.45&amp;apos;, os.name: &amp;apos;Windows 10&amp;apos;, os.arch: &amp;apos;amd64&amp;apos;, os.version: &amp;apos;10.0&amp;apos;, java.version: &amp;apos;1.8.0_231&amp;apos;
Driver info: driver.version: EdgeDriver
remote stacktrace: Backtrace:
	Ordinal0 [0x00007FF67BBF7C42+3636290]
	Ordinal0 [0x00007FF67BB0F949+2685257]
	Ordinal0 [0x00007FF67B9AC0B1+1228977]
	Ordinal0 [0x00007FF67B8FD535+513333]
	Ordinal0 [0x00007FF67B8FA854+501844]
	Ordinal0 [0x00007FF67B92EA47+715335]
	Ordinal0 [0x00007FF67B92BEAF+704175]
	Ordinal0 [0x00007FF67B9060E3+549091]
	Ordinal0 [0x00007FF67B906EAE+552622]
	Ordinal0 [0x00007FF67BB2CCA5+2804901]
	GetHandleVerifier [0x00007FF67BD41DAC+1210124]
	GetHandleVerifier [0x00007FF67BD41B20+1209472]
	GetHandleVerifier [0x00007FF67BD56A91+1295345]
	GetHandleVerifier [0x00007FF67BD428F4+1213012]
	Ordinal0 [0x00007FF67BB20A08+2755080]
	Ordinal0 [0x00007FF67BB2F079+2814073]
	Ordinal0 [0x00007FF67BB4CEB8+2936504]
	BaseThreadInitThunk [0x00007FF9D2ED7BD4+20]
	RtlUserThreadStart [0x00007FF9D3BCCED1+33]
">
      <![CDATA[org.openqa.selenium.WebDriverException: unknown error: cannot find MSEdge binary
Build info: version: '3.141.59', revision: 'e82be7d358', time: '2018-11-14T08:17:03'
System info: host: 'MLPT003', ip: '192.168.0.45', os.name: 'Windows 10', os.arch: 'amd64', os.version: '10.0', java.version: '1.8.0_231'
Driver info: driver.version: EdgeDriver
remote stacktrace: Backtrace:
Ordinal0 [0x00007FF67BBF7C42+3636290]
Ordinal0 [0x00007FF67BB0F949+2685257]
Ordinal0 [0x00007FF67B9AC0B1+1228977]
Ordinal0 [0x00007FF67B8FD535+513333]
Ordinal0 [0x00007FF67B8FA854+501844]
Ordinal0 [0x00007FF67B92EA47+715335]
Ordinal0 [0x00007FF67B92BEAF+704175]
Ordinal0 [0x00007FF67B9060E3+549091]
Ordinal0 [0x00007FF67B906EAE+552622]
Ordinal0 [0x00007FF67BB2CCA5+2804901]
GetHandleVerifier [0x00007FF67BD41DAC+1210124]
GetHandleVerifier [0x00007FF67BD41B20+1209472]
GetHandleVerifier [0x00007FF67BD56A91+1295345]
GetHandleVerifier [0x00007FF67BD428F4+1213012]
Ordinal0 [0x00007FF67BB20A08+2755080]
Ordinal0 [0x00007FF67BB2F079+2814073]
Ordinal0 [0x00007FF67BB4CEB8+2936504]
BaseThreadInitThunk [0x00007FF9D2ED7BD4+20]
RtlUserThreadStart [0x00007FF9D3BCCED1+33]

at org.openqa.selenium.remote.W3CHandshakeResponse.lambda$errorHandler$0(W3CHandshakeResponse.java:62)
at org.openqa.selenium.remote.HandshakeResponse.lambda$getResponseFunction$0(HandshakeResponse.java:30)
at org.openqa.selenium.remote.ProtocolHandshake.lambda$createSession$0(ProtocolHandshake.java:126)
at java.util.stream.ReferencePipeline$3$1.accept(ReferencePipeline.java:193)
at java.util.Spliterators$ArraySpliterator.tryAdvance(Spliterators.java:958)
at java.util.stream.ReferencePipeline.forEachWithCancel(ReferencePipeline.java:126)
at java.util.stream.AbstractPipeline.copyIntoWithCancel(AbstractPipeline.java:499)
at java.util.stream.AbstractPipeline.copyInto(AbstractPipeline.java:486)
at java.util.stream.AbstractPipeline.wrapAndCopyInto(AbstractPipeline.java:472)
at java.util.stream.FindOps$FindOp.evaluateSequential(FindOps.java:152)
at java.util.stream.AbstractPipeline.evaluate(AbstractPipeline.java:234)
at java.util.stream.ReferencePipeline.findFirst(ReferencePipeline.java:464)
at org.openqa.selenium.remote.ProtocolHandshake.createSession(ProtocolHandshake.java:128)
at org.openqa.selenium.remote.ProtocolHandshake.createSession(ProtocolHandshake.java:74)
at org.openqa.selenium.remote.HttpCommandExecutor.execute(HttpCommandExecutor.java:136)
at org.openqa.selenium.remote.service.DriverCommandExecutor.execute(DriverCommandExecutor.java:83)
at org.openqa.selenium.remote.RemoteWebDriver.execute(RemoteWebDriver.java:552)
at org.openqa.selenium.remote.RemoteWebDriver.startSession(RemoteWebDriver.java:213)
at org.openqa.selenium.remote.RemoteWebDriver.<init>(RemoteWebDriver.java:131)
at org.openqa.selenium.edge.EdgeDriver.<init>(EdgeDriver.java:141)
at org.openqa.selenium.edge.EdgeDriver.<init>(EdgeDriver.java:96)
at com.mv.GetsPlacements1.GetsPlacementTest.TestMethod(GetsPlacementTest.java:46)
at java.util.ArrayList.forEach(ArrayList.java:1257)
... Removed 35 stack frames]]>
    </failure>
  </testcase> <!-- TestMethod -->
</testsuite> <!-- Test -->
